0 info it worked if it ends with ok
1 verbose cli [ 'node', '/usr/local/bin/npm', 'publish' ]
2 info using npm@2.12.1
3 info using node@v0.12.7
4 verbose node symlink /usr/local/bin/node
5 verbose publish [ '.' ]
6 silly cache add args [ '.', null ]
7 verbose cache add spec .
8 silly cache add parsed spec { raw: '.',
8 silly cache add   scope: null,
8 silly cache add   name: null,
8 silly cache add   rawSpec: '.',
8 silly cache add   spec: '/Users/bjhl/nodeTest/nodeTest',
8 silly cache add   type: 'directory' }
9 verbose addLocalDirectory /Users/bjhl/.npm/test/1.0.0/package.tgz not in flight; packing
10 verbose tar pack [ '/Users/bjhl/.npm/test/1.0.0/package.tgz',
10 verbose tar pack   '/Users/bjhl/nodeTest/nodeTest' ]
11 verbose tarball /Users/bjhl/.npm/test/1.0.0/package.tgz
12 verbose folder /Users/bjhl/nodeTest/nodeTest
13 info prepublish test@1.0.0
14 verbose addLocalTarball adding from inside cache /Users/bjhl/.npm/test/1.0.0/package.tgz
15 silly cache afterAdd test@1.0.0
16 verbose afterAdd /Users/bjhl/.npm/test/1.0.0/package/package.json not in flight; writing
17 verbose afterAdd /Users/bjhl/.npm/test/1.0.0/package/package.json written
18 silly publish { name: 'test',
18 silly publish   version: '1.0.0',
18 silly publish   description: '',
18 silly publish   main: 'index.js',
18 silly publish   scripts: { test: 'echo "Error: no test specified" && exit 1' },
18 silly publish   repository:
18 silly publish    { type: 'git',
18 silly publish      url: 'git+https://github.com/lijunTest/nodeTest.git' },
18 silly publish   author: '',
18 silly publish   license: 'ISC',
18 silly publish   bugs: { url: 'https://github.com/lijunTest/nodeTest/issues' },
18 silly publish   homepage: 'https://github.com/lijunTest/nodeTest#readme',
18 silly publish   gitHead: 'd15a2886a52fbd5d59375462069af9a43efc0388',
18 silly publish   readme: 'ERROR: No README data found!',
18 silly publish   _id: 'test@1.0.0',
18 silly publish   _shasum: 'c94bcdc0219006ee6bc561486448fecd9ca43083',
18 silly publish   _from: '.' }
19 verbose getPublishConfig undefined
20 silly mapToRegistry name test
21 silly mapToRegistry using default registry
22 silly mapToRegistry registry https://registry.npmjs.org/
23 silly mapToRegistry uri https://registry.npmjs.org/test
24 verbose publish registryBase https://registry.npmjs.org/
25 silly publish uploading /Users/bjhl/.npm/test/1.0.0/package.tgz
26 verbose request uri https://registry.npmjs.org/test
27 verbose request sending authorization for write operation
28 info attempt registry request try #1 at 16:24:21
29 verbose request using bearer token for auth
30 verbose request id e104f918953c9a24
31 http request PUT https://registry.npmjs.org/test
32 http 403 https://registry.npmjs.org/test
33 verbose headers { 'content-type': 'application/json',
33 verbose headers   'cache-control': 'max-age=60',
33 verbose headers   'content-length': '96',
33 verbose headers   'accept-ranges': 'bytes',
33 verbose headers   date: 'Mon, 16 Nov 2015 08:24:21 GMT',
33 verbose headers   via: '1.1 varnish',
33 verbose headers   connection: 'keep-alive',
33 verbose headers   'x-served-by': 'cache-itm7426-ITM',
33 verbose headers   'x-cache': 'MISS',
33 verbose headers   'x-cache-hits': '0',
33 verbose headers   'x-timer': 'S1447662261.402440,VS0,VE551' }
34 verbose request invalidating /Users/bjhl/.npm/registry.npmjs.org/test on PUT
35 error publish Failed PUT 403
36 verbose stack Error: You do not have permission to publish 'test'. Are you logged in as the correct user? : test
36 verbose stack     at CachingRegistryClient.<anonymous> (/usr/local/lib/node_modules/npm/node_modules/npm-registry-client/lib/request.js:247:14)
36 verbose stack     at Request._callback (/usr/local/lib/node_modules/npm/node_modules/npm-registry-client/lib/request.js:170:14)
36 verbose stack     at Request.self.callback (/usr/local/lib/node_modules/npm/node_modules/request/request.js:197:22)
36 verbose stack     at Request.emit (events.js:110:17)
36 verbose stack     at Request.<anonymous> (/usr/local/lib/node_modules/npm/node_modules/request/request.js:1050:14)
36 verbose stack     at Request.emit (events.js:129:20)
36 verbose stack     at IncomingMessage.<anonymous> (/usr/local/lib/node_modules/npm/node_modules/request/request.js:996:12)
36 verbose stack     at IncomingMessage.emit (events.js:129:20)
36 verbose stack     at _stream_readable.js:908:16
36 verbose stack     at process._tickCallback (node.js:355:11)
37 verbose statusCode 403
38 verbose pkgid test
39 verbose cwd /Users/bjhl/nodeTest/nodeTest
40 error Darwin 14.3.0
41 error argv "node" "/usr/local/bin/npm" "publish"
42 error node v0.12.7
43 error npm  v2.12.1
44 error code E403
45 error You do not have permission to publish 'test'. Are you logged in as the correct user? : test
46 error If you need help, you may report this error at:
46 error     <https://github.com/npm/npm/issues>
47 verbose exit [ 1, true ]
